c:\users\money\documents\github\cpp_team_project\c++_team_project\c++_team_project\x64\debug\vc142.pdb
c:\users\money\documents\github\cpp_team_project\c++_team_project\c++_team_project\x64\debug\vc142.idb
c:\users\money\documents\github\cpp_team_project\c++_team_project\c++_team_project\x64\debug\c++_team_project.obj
c:\users\money\documents\github\cpp_team_project\c++_team_project\c++_team_project\x64\debug\scene.obj
c:\users\money\documents\github\cpp_team_project\c++_team_project\c++_team_project\x64\debug\room.obj
c:\users\money\documents\github\cpp_team_project\c++_team_project\c++_team_project\x64\debug\item.obj
c:\users\money\documents\github\cpp_team_project\c++_team_project\c++_team_project\x64\debug\game.obj
c:\users\money\documents\github\cpp_team_project\c++_team_project\c++_team_project\x64\debug\event.obj
c:\users\money\documents\github\cpp_team_project\c++_team_project\c++_team_project\x64\debug\control.obj
c:\users\money\documents\github\cpp_team_project\c++_team_project\c++_team_project\x64\debug\character.obj
c:\users\money\documents\github\cpp_team_project\c++_team_project\c++_team_project\x64\debug\bag.obj
c:\users\money\documents\github\cpp_team_project\c++_team_project\c++_team_project\x64\debug\ending.obj
c:\users\money\documents\github\cpp_team_project\c++_team_project\x64\debug\c++_team_project.exe
c:\users\money\documents\github\cpp_team_project\c++_team_project\c++_team_project\x64\debug\c++_team_project.ilk
c:\users\money\documents\github\cpp_team_project\c++_team_project\x64\debug\c++_team_project.pdb
c:\users\money\documents\github\cpp_team_project\c++_team_project\c++_team_project\x64\debug\battle.obj
c:\users\money\documents\github\cpp_team_project\c++_team_project\c++_team_project\x64\debug\skill.obj
c:\users\money\documents\github\cpp_team_project\c++_team_project\c++_team_project\x64\debug\c++_team_project.tlog\cl.command.1.tlog
c:\users\money\documents\github\cpp_team_project\c++_team_project\c++_team_project\x64\debug\c++_team_project.tlog\cl.read.1.tlog
c:\users\money\documents\github\cpp_team_project\c++_team_project\c++_team_project\x64\debug\c++_team_project.tlog\cl.write.1.tlog
c:\users\money\documents\github\cpp_team_project\c++_team_project\c++_team_project\x64\debug\c++_team_project.tlog\link.command.1.tlog
c:\users\money\documents\github\cpp_team_project\c++_team_project\c++_team_project\x64\debug\c++_team_project.tlog\link.read.1.tlog
c:\users\money\documents\github\cpp_team_project\c++_team_project\c++_team_project\x64\debug\c++_team_project.tlog\link.write.1.tlog
